Arguments: 
  C:\Program Files\nodejs\node.exe C:\Users\Yung Sprout\AppData\Roaming\npm\node_modules\yarn\bin\yarn.js

PATH: 
  C:\Program Files\Common Files\Oracle\Java\javapath;C:\Program Files (x86)\Intel\Intel(R) Management Engine Components\iCLS\;C:\Program Files\Intel\Intel(R) Management Engine Components\iCLS\;C:\WINDOWS\system32;C:\WINDOWS;C:\WINDOWS\System32\Wbem;C:\WINDOWS\System32\WindowsPowerShell\v1.0\;C:\WINDOWS\System32\OpenSSH\;C:\Program Files (x86)\Intel\Intel(R) Management Engine Components\DAL;C:\Program Files\Intel\Intel(R) Management Engine Components\DAL;C:\Program Files (x86)\Intel\Intel(R) Management Engine Components\IPT;C:\Program Files\Intel\Intel(R) Management Engine Components\IPT;C:\Program Files\nodejs\;C:\Program Files\Git\cmd;C:\Program Files\Docker\Docker\resources\bin;C:\ProgramData\DockerDesktop\version-bin;C:\Users\Yung Sprout\AppData\Local\Programs\Python\Python36\Scripts\;C:\Users\Yung Sprout\AppData\Local\Programs\Python\Python36\;C:\Users\Yung Sprout\AppData\Local\Programs\Python\Python37-32\Scripts\;C:\Users\Yung Sprout\AppData\Local\Programs\Python\Python37-32\;C:\Users\Yung Sprout\AppData\Local\Microsoft\WindowsApps;C:\Users\Yung Sprout\AppData\Local\atom\bin;C:\Users\Yung Sprout\AppData\Local\Microsoft\WindowsApps;C:\Users\Yung Sprout\AppData\Roaming\npm;C:\Users\Yung Sprout\AppData\Local\Programs\Microsoft VS Code\bin;C:\Program Files\heroku\bin;C:\Users\Yung Sprout\AppData\Local\GitHubDesktop\bin

Yarn version: 
  1.22.11

Node version: 
  14.17.4

Platform: 
  win32 x64

Trace: 
  Error: https://registry.yarnpkg.com/date-fns/-/date-fns-2.25.0.tgz: ESOCKETTIMEDOUT
      at ClientRequest.<anonymous> (C:\Users\Yung Sprout\AppData\Roaming\npm\node_modules\yarn\lib\cli.js:141390:19)
      at Object.onceWrapper (events.js:519:28)
      at ClientRequest.emit (events.js:400:28)
      at TLSSocket.emitRequestTimeout (_http_client.js:790:9)
      at Object.onceWrapper (events.js:519:28)
      at TLSSocket.emit (events.js:412:35)
      at TLSSocket.Socket._onTimeout (net.js:484:8)
      at listOnTimeout (internal/timers.js:557:17)
      at processTimers (internal/timers.js:500:7)

npm manifest: 
  {
    "name": "client",
    "version": "0.1.0",
    "private": true,
    "dependencies": {
      "@testing-library/jest-dom": "^5.11.4",
      "@testing-library/react": "^11.1.0",
      "@testing-library/react-hooks": "^7.0.1",
      "@testing-library/user-event": "^12.1.10",
      "@types/jest": "^26.0.15",
      "@types/node": "^12.0.0",
      "@types/react": "^17.0.0",
      "@types/react-dom": "^17.0.0",
      "@unform/core": "^2.1.6",
      "@unform/web": "^2.1.6",
      "axios": "^0.21.1",
      "axios-mock-adapter": "^1.20.0",
      "date-fns": "^2.19.0",
      "polished": "^4.1.1",
      "react": "^17.0.1",
      "react-dom": "^17.0.1",
      "react-icons": "^4.2.0",
      "react-router": "^5.2.0",
      "react-router-dom": "^5.2.0",
      "react-scripts": "4.0.3",
      "react-spring": "^8.0.27",
      "styled-components": "^5.2.1",
      "typescript": "^4.1.2",
      "uuid": "^8.3.2",
      "web-vitals": "^1.0.1",
      "yup": "^0.32.9"
    },
    "scripts": {
      "start": "react-scripts start",
      "build": "react-scripts build",
      "test": "react-scripts test",
      "eject": "react-scripts eject"
    },
    "eslintConfig": {
      "extends": [
        "react-app",
        "react-app/jest"
      ]
    },
    "browserslist": {
      "production": [
        ">0.2%",
        "not dead",
        "not op_mini all"
      ],
      "development": [
        "last 1 chrome version",
        "last 1 firefox version",
        "last 1 safari version"
      ]
    },
    "devDependencies": {
      "@types/react-router-dom": "^5.1.7",
      "@types/styled-components": "^5.1.9",
      "@types/uuid": "^8.3.0",
      "@types/yup": "^0.29.11",
      "@typescript-eslint/eslint-plugin": "^4.18.0",
      "@typescript-eslint/parser": "^4.18.0",
      "eslint": "^7.22.0",
      "eslint-config-airbnb": "^18.2.1",
      "eslint-config-prettier": "^8.1.0",
      "eslint-import-resolver-typescript": "^2.4.0",
      "eslint-plugin-import": "^2.22.1",
      "eslint-plugin-jsx-a11y": "^6.4.1",
      "eslint-plugin-prettier": "^3.3.1",
      "eslint-plugin-react": "^7.22.0",
      "eslint-plugin-react-hooks": "^4.2.0",
      "prettier": "^2.2.1"
    }
  }

yarn manifest: 
  No manifest

Lockfile: 
  No lockfile
